Mon Nov 24 2025 13:0:0 } [DOER] info: Running temp file cleanup...
Mon Nov 24 2025 13:0:0 } [DOER] info: Temp cleanup completed:
Mon Nov 24 2025 13:2:39 } [DOER] info: Initializing schedulers...
Mon Nov 24 2025 13:2:39 } [DOER] info: Starting temp cleanup scheduler with schedule: 0 * * * *
Mon Nov 24 2025 13:2:39 } [DOER] info: Max age for temp files: 24 hours
Mon Nov 24 2025 13:2:39 } [DOER] info: All schedulers initialized
Mon Nov 24 2025 13:14:26 } [DOER] info: Initializing schedulers...
Mon Nov 24 2025 13:14:26 } [DOER] info: Starting temp cleanup scheduler with schedule: 0 * * * *
Mon Nov 24 2025 13:14:26 } [DOER] info: Max age for temp files: 24 hours
Mon Nov 24 2025 13:14:26 } [DOER] info: All schedulers initialized
Mon Nov 24 2025 13:14:28 } [DOER] info: Initializing schedulers...
Mon Nov 24 2025 13:14:28 } [DOER] info: Starting temp cleanup scheduler with schedule: 0 * * * *
Mon Nov 24 2025 13:14:28 } [DOER] info: Max age for temp files: 24 hours
Mon Nov 24 2025 13:14:28 } [DOER] info: All schedulers initialized
Mon Nov 24 2025 13:14:30 } [DOER] info: Initializing schedulers...
Mon Nov 24 2025 13:14:30 } [DOER] info: Starting temp cleanup scheduler with schedule: 0 * * * *
Mon Nov 24 2025 13:14:30 } [DOER] info: Max age for temp files: 24 hours
Mon Nov 24 2025 13:14:30 } [DOER] info: All schedulers initialized
Mon Nov 24 2025 13:15:38 } [DOER] info: Initializing schedulers...
Mon Nov 24 2025 13:15:38 } [DOER] info: Starting temp cleanup scheduler with schedule: 0 * * * *
Mon Nov 24 2025 13:15:38 } [DOER] info: Max age for temp files: 24 hours
Mon Nov 24 2025 13:15:38 } [DOER] info: All schedulers initialized
Mon Nov 24 2025 13:18:5 } [DOER] info: Initializing schedulers...
Mon Nov 24 2025 13:18:5 } [DOER] info: Starting temp cleanup scheduler with schedule: 0 * * * *
Mon Nov 24 2025 13:18:5 } [DOER] info: Max age for temp files: 24 hours
Mon Nov 24 2025 13:18:5 } [DOER] info: All schedulers initialized
Mon Nov 24 2025 13:18:30 } [DOER] info: Initializing schedulers...
Mon Nov 24 2025 13:18:30 } [DOER] info: Starting temp cleanup scheduler with schedule: 0 * * * *
Mon Nov 24 2025 13:18:30 } [DOER] info: Max age for temp files: 24 hours
Mon Nov 24 2025 13:18:30 } [DOER] info: All schedulers initialized
Mon Nov 24 2025 13:18:52 } [DOER] info: Initializing schedulers...
Mon Nov 24 2025 13:18:52 } [DOER] info: Starting temp cleanup scheduler with schedule: 0 * * * *
Mon Nov 24 2025 13:18:52 } [DOER] info: Max age for temp files: 24 hours
Mon Nov 24 2025 13:18:52 } [DOER] info: All schedulers initialized
Mon Nov 24 2025 13:26:30 } [DOER] info: Initializing schedulers...
Mon Nov 24 2025 13:26:30 } [DOER] info: Starting temp cleanup scheduler with schedule: 0 * * * *
Mon Nov 24 2025 13:26:30 } [DOER] info: Max age for temp files: 24 hours
Mon Nov 24 2025 13:26:30 } [DOER] info: All schedulers initialized
Mon Nov 24 2025 13:26:46 } [DOER] info: Initializing schedulers...
Mon Nov 24 2025 13:26:46 } [DOER] info: Starting temp cleanup scheduler with schedule: 0 * * * *
Mon Nov 24 2025 13:26:46 } [DOER] info: Max age for temp files: 24 hours
Mon Nov 24 2025 13:26:46 } [DOER] info: All schedulers initialized
Mon Nov 24 2025 13:52:46 } [DOER] info: Initializing schedulers...
Mon Nov 24 2025 13:52:46 } [DOER] info: Starting temp cleanup scheduler with schedule: 0 * * * *
Mon Nov 24 2025 13:52:46 } [DOER] info: Max age for temp files: 24 hours
Mon Nov 24 2025 13:52:46 } [DOER] info: All schedulers initialized
Mon Nov 24 2025 13:55:54 } [DOER] info: Initializing schedulers...
Mon Nov 24 2025 13:55:54 } [DOER] info: Starting temp cleanup scheduler with schedule: 0 * * * *
Mon Nov 24 2025 13:55:54 } [DOER] info: Max age for temp files: 24 hours
Mon Nov 24 2025 13:55:54 } [DOER] info: All schedulers initialized
